{"/home/mcuellar/SDC/client/src/components/componentA/CharacterBar.jsx": {"path":"/home/mcuellar/SDC/client/src/components/componentA/CharacterBar.jsx","statementMap":{"0":{"start":{"line":3,"column":21},"end":{"line":34,"column":1}},"1":{"start":{"line":5,"column":27},"end":{"line":5,"column":54}},"2":{"start":{"line":7,"column":20},"end":{"line":13,"column":3}},"3":{"start":{"line":15,"column":19},"end":{"line":25,"column":3}},"4":{"start":{"line":27,"column":2},"end":{"line":33,"column":3}}},"fnMap":{"0":{"name":"(anonymous_0)","decl":{"start":{"line":3,"column":21},"end":{"line":3,"column":22}},"loc":{"start":{"line":3,"column":47},"end":{"line":34,"column":1}},"line":3}},"branchMap":{},"s":{"0":0,"1":0,"2":0,"3":0,"4":0},"f":{"0":0},"b":{}}
,"/home/mcuellar/SDC/client/src/components/componentA/Characteristics.jsx": {"path":"/home/mcuellar/SDC/client/src/components/componentA/Characteristics.jsx","statementMap":{"0":{"start":{"line":3,"column":24},"end":{"line":122,"column":1}},"1":{"start":{"line":5,"column":30},"end":{"line":66,"column":1}},"2":{"start":{"line":68,"column":41},"end":{"line":72,"column":1}},"3":{"start":{"line":69,"column":25},"end":{"line":69,"column":52}},"4":{"start":{"line":70,"column":2},"end":{"line":70,"column":32}},"5":{"start":{"line":71,"column":2},"end":{"line":71,"column":44}},"6":{"start":{"line":79,"column":2},"end":{"line":121,"column":4}},"7":{"start":{"line":84,"column":36},"end":{"line":84,"column":86}},"8":{"start":{"line":86,"column":12},"end":{"line":117,"column":18}},"9":{"start":{"line":93,"column":58},"end":{"line":93,"column":68}},"10":{"start":{"line":95,"column":20},"end":{"line":113,"column":28}},"11":{"start":{"line":108,"column":26},"end":{"line":108,"column":73}}},"fnMap":{"0":{"name":"(anonymous_0)","decl":{"start":{"line":3,"column":24},"end":{"line":3,"column":25}},"loc":{"start":{"line":3,"column":102},"end":{"line":122,"column":1}},"line":3},"1":{"name":"(anonymous_1)","decl":{"start":{"line":68,"column":41},"end":{"line":68,"column":42}},"loc":{"start":{"line":68,"column":59},"end":{"line":72,"column":1}},"line":68},"2":{"name":"(anonymous_2)","decl":{"start":{"line":84,"column":18},"end":{"line":84,"column":19}},"loc":{"start":{"line":84,"column":36},"end":{"line":84,"column":86}},"line":84},"3":{"name":"(anonymous_3)","decl":{"start":{"line":85,"column":15},"end":{"line":85,"column":16}},"loc":{"start":{"line":86,"column":12},"end":{"line":117,"column":18}},"line":86},"4":{"name":"(anonymous_4)","decl":{"start":{"line":93,"column":43},"end":{"line":93,"column":44}},"loc":{"start":{"line":93,"column":58},"end":{"line":93,"column":68}},"line":93},"5":{"name":"(anonymous_5)","decl":{"start":{"line":94,"column":18},"end":{"line":94,"column":19}},"loc":{"start":{"line":95,"column":20},"end":{"line":113,"column":28}},"line":95},"6":{"name":"(anonymous_6)","decl":{"start":{"line":107,"column":34},"end":{"line":107,"column":35}},"loc":{"start":{"line":108,"column":26},"end":{"line":108,"column":73}},"line":108}},"branchMap":{"0":{"loc":{"start":{"line":98,"column":24},"end":{"line":100,"column":43}},"type":"cond-expr","locations":[{"start":{"line":99,"column":28},"end":{"line":99,"column":54}},{"start":{"line":100,"column":28},"end":{"line":100,"column":43}}],"line":98}},"s":{"0":0,"1":0,"2":0,"3":0,"4":0,"5":0,"6":0,"7":0,"8":0,"9":0,"10":0,"11":0},"f":{"0":0,"1":0,"2":0,"3":0,"4":0,"5":0,"6":0},"b":{"0":[0,0]}}
,"/home/mcuellar/SDC/client/src/components/componentA/Helpful.jsx": {"path":"/home/mcuellar/SDC/client/src/components/componentA/Helpful.jsx","statementMap":{"0":{"start":{"line":4,"column":16},"end":{"line":33,"column":1}},"1":{"start":{"line":6,"column":31},"end":{"line":6,"column":59}},"2":{"start":{"line":7,"column":35},"end":{"line":7,"column":50}},"3":{"start":{"line":10,"column":0},"end":{"line":12,"column":5}},"4":{"start":{"line":11,"column":2},"end":{"line":11,"column":31}},"5":{"start":{"line":15,"column":20},"end":{"line":27,"column":1}},"6":{"start":{"line":16,"column":2},"end":{"line":26,"column":3}},"7":{"start":{"line":17,"column":4},"end":{"line":25,"column":9}},"8":{"start":{"line":20,"column":8},"end":{"line":20,"column":28}},"9":{"start":{"line":21,"column":8},"end":{"line":21,"column":31}},"10":{"start":{"line":24,"column":8},"end":{"line":24,"column":63}},"11":{"start":{"line":30,"column":2},"end":{"line":32,"column":3}}},"fnMap":{"0":{"name":"(anonymous_0)","decl":{"start":{"line":4,"column":16},"end":{"line":4,"column":17}},"loc":{"start":{"line":4,"column":30},"end":{"line":33,"column":1}},"line":4},"1":{"name":"(anonymous_1)","decl":{"start":{"line":10,"column":10},"end":{"line":10,"column":11}},"loc":{"start":{"line":10,"column":16},"end":{"line":12,"column":1}},"line":10},"2":{"name":"(anonymous_2)","decl":{"start":{"line":15,"column":20},"end":{"line":15,"column":21}},"loc":{"start":{"line":15,"column":26},"end":{"line":27,"column":1}},"line":15},"3":{"name":"(anonymous_3)","decl":{"start":{"line":19,"column":12},"end":{"line":19,"column":13}},"loc":{"start":{"line":19,"column":24},"end":{"line":22,"column":7}},"line":19},"4":{"name":"(anonymous_4)","decl":{"start":{"line":23,"column":13},"end":{"line":23,"column":14}},"loc":{"start":{"line":23,"column":24},"end":{"line":25,"column":7}},"line":23}},"branchMap":{"0":{"loc":{"start":{"line":16,"column":2},"end":{"line":26,"column":3}},"type":"if","locations":[{"start":{"line":16,"column":2},"end":{"line":26,"column":3}},{"start":{},"end":{}}],"line":16}},"s":{"0":0,"1":0,"2":0,"3":0,"4":0,"5":0,"6":0,"7":0,"8":0,"9":0,"10":0,"11":0},"f":{"0":0,"1":0,"2":0,"3":0,"4":0},"b":{"0":[0,0]}}
,"/home/mcuellar/SDC/client/src/components/componentA/ImageModal.jsx": {"path":"/home/mcuellar/SDC/client/src/components/componentA/ImageModal.jsx","statementMap":{"0":{"start":{"line":4,"column":19},"end":{"line":17,"column":1}},"1":{"start":{"line":5,"column":2},"end":{"line":16,"column":4}}},"fnMap":{"0":{"name":"(anonymous_0)","decl":{"start":{"line":4,"column":19},"end":{"line":4,"column":20}},"loc":{"start":{"line":4,"column":49},"end":{"line":17,"column":1}},"line":4}},"branchMap":{},"s":{"0":0,"1":0},"f":{"0":0},"b":{}}
,"/home/mcuellar/SDC/client/src/components/componentA/Modal.jsx": {"path":"/home/mcuellar/SDC/client/src/components/componentA/Modal.jsx","statementMap":{"0":{"start":{"line":10,"column":14},"end":{"line":247,"column":1}},"1":{"start":{"line":12,"column":30},"end":{"line":12,"column":44}},"2":{"start":{"line":13,"column":35},"end":{"line":13,"column":49}},"3":{"start":{"line":14,"column":44},"end":{"line":14,"column":56}},"4":{"start":{"line":15,"column":38},"end":{"line":15,"column":50}},"5":{"start":{"line":16,"column":34},"end":{"line":16,"column":46}},"6":{"start":{"line":17,"column":28},"end":{"line":17,"column":40}},"7":{"start":{"line":18,"column":30},"end":{"line":18,"column":42}},"8":{"start":{"line":19,"column":44},"end":{"line":19,"column":56}},"9":{"start":{"line":20,"column":62},"end":{"line":20,"column":74}},"10":{"start":{"line":21,"column":46},"end":{"line":21,"column":58}},"11":{"start":{"line":22,"column":38},"end":{"line":22,"column":53}},"12":{"start":{"line":23,"column":56},"end":{"line":23,"column":68}},"13":{"start":{"line":24,"column":64},"end":{"line":24,"column":78}},"14":{"start":{"line":26,"column":2},"end":{"line":38,"column":9}},"15":{"start":{"line":27,"column":4},"end":{"line":37,"column":9}},"16":{"start":{"line":29,"column":40},"end":{"line":29,"column":69}},"17":{"start":{"line":30,"column":8},"end":{"line":30,"column":60}},"18":{"start":{"line":31,"column":21},"end":{"line":31,"column":57}},"19":{"start":{"line":32,"column":8},"end":{"line":32,"column":37}},"20":{"start":{"line":33,"column":8},"end":{"line":33,"column":56}},"21":{"start":{"line":33,"column":49},"end":{"line":33,"column":53}},"22":{"start":{"line":36,"column":8},"end":{"line":36,"column":69}},"23":{"start":{"line":40,"column":32},"end":{"line":42,"column":3}},"24":{"start":{"line":41,"column":4},"end":{"line":41,"column":24}},"25":{"start":{"line":44,"column":36},"end":{"line":46,"column":3}},"26":{"start":{"line":45,"column":4},"end":{"line":45,"column":41}},"27":{"start":{"line":48,"column":33},"end":{"line":56,"column":3}},"28":{"start":{"line":49,"column":26},"end":{"line":49,"column":44}},"29":{"start":{"line":51,"column":4},"end":{"line":51,"column":33}},"30":{"start":{"line":53,"column":32},"end":{"line":53,"column":68}},"31":{"start":{"line":54,"column":27},"end":{"line":54,"column":133}},"32":{"start":{"line":55,"column":4},"end":{"line":55,"column":38}},"33":{"start":{"line":58,"column":28},"end":{"line":60,"column":3}},"34":{"start":{"line":59,"column":4},"end":{"line":59,"column":33}},"35":{"start":{"line":62,"column":31},"end":{"line":64,"column":3}},"36":{"start":{"line":63,"column":4},"end":{"line":63,"column":36}},"37":{"start":{"line":66,"column":23},"end":{"line":100,"column":3}},"38":{"start":{"line":67,"column":39},"end":{"line":67,"column":41}},"39":{"start":{"line":68,"column":4},"end":{"line":71,"column":6}},"40":{"start":{"line":69,"column":21},"end":{"line":69,"column":57}},"41":{"start":{"line":70,"column":6},"end":{"line":70,"column":73}},"42":{"start":{"line":73,"column":24},"end":{"line":73,"column":48}},"43":{"start":{"line":74,"column":22},"end":{"line":86,"column":5}},"44":{"start":{"line":88,"column":4},"end":{"line":95,"column":9}},"45":{"start":{"line":90,"column":8},"end":{"line":90,"column":44}},"46":{"start":{"line":91,"column":8},"end":{"line":91,"column":28}},"47":{"start":{"line":94,"column":8},"end":{"line":94,"column":55}},"48":{"start":{"line":97,"column":4},"end":{"line":99,"column":13}},"49":{"start":{"line":98,"column":6},"end":{"line":98,"column":26}},"50":{"start":{"line":104,"column":2},"end":{"line":244,"column":4}},"51":{"start":{"line":131,"column":32},"end":{"line":131,"column":59}},"52":{"start":{"line":145,"column":32},"end":{"line":145,"column":59}},"53":{"start":{"line":192,"column":42},"end":{"line":192,"column":68}},"54":{"start":{"line":193,"column":37},"end":{"line":193,"column":91}},"55":{"start":{"line":193,"column":65},"end":{"line":193,"column":90}},"56":{"start":{"line":195,"column":20},"end":{"line":195,"column":47}},"57":{"start":{"line":199,"column":4},"end":{"line":199,"column":93}},"58":{"start":{"line":231,"column":282},"end":{"line":231,"column":302}}},"fnMap":{"0":{"name":"(anonymous_0)","decl":{"start":{"line":10,"column":14},"end":{"line":10,"column":15}},"loc":{"start":{"line":10,"column":66},"end":{"line":247,"column":1}},"line":10},"1":{"name":"(anonymous_1)","decl":{"start":{"line":26,"column":12},"end":{"line":26,"column":13}},"loc":{"start":{"line":26,"column":18},"end":{"line":38,"column":3}},"line":26},"2":{"name":"(anonymous_2)","decl":{"start":{"line":28,"column":12},"end":{"line":28,"column":13}},"loc":{"start":{"line":28,"column":24},"end":{"line":34,"column":7}},"line":28},"3":{"name":"(anonymous_3)","decl":{"start":{"line":33,"column":43},"end":{"line":33,"column":44}},"loc":{"start":{"line":33,"column":49},"end":{"line":33,"column":53}},"line":33},"4":{"name":"(anonymous_4)","decl":{"start":{"line":35,"column":13},"end":{"line":35,"column":14}},"loc":{"start":{"line":35,"column":22},"end":{"line":37,"column":7}},"line":35},"5":{"name":"(anonymous_5)","decl":{"start":{"line":40,"column":32},"end":{"line":40,"column":33}},"loc":{"start":{"line":40,"column":43},"end":{"line":42,"column":3}},"line":40},"6":{"name":"(anonymous_6)","decl":{"start":{"line":44,"column":36},"end":{"line":44,"column":37}},"loc":{"start":{"line":44,"column":47},"end":{"line":46,"column":3}},"line":44},"7":{"name":"(anonymous_7)","decl":{"start":{"line":48,"column":33},"end":{"line":48,"column":34}},"loc":{"start":{"line":48,"column":44},"end":{"line":56,"column":3}},"line":48},"8":{"name":"(anonymous_8)","decl":{"start":{"line":58,"column":28},"end":{"line":58,"column":29}},"loc":{"start":{"line":58,"column":39},"end":{"line":60,"column":3}},"line":58},"9":{"name":"(anonymous_9)","decl":{"start":{"line":62,"column":31},"end":{"line":62,"column":32}},"loc":{"start":{"line":62,"column":42},"end":{"line":64,"column":3}},"line":62},"10":{"name":"(anonymous_10)","decl":{"start":{"line":66,"column":23},"end":{"line":66,"column":24}},"loc":{"start":{"line":66,"column":29},"end":{"line":100,"column":3}},"line":66},"11":{"name":"(anonymous_11)","decl":{"start":{"line":68,"column":28},"end":{"line":68,"column":29}},"loc":{"start":{"line":68,"column":49},"end":{"line":71,"column":5}},"line":68},"12":{"name":"(anonymous_12)","decl":{"start":{"line":89,"column":12},"end":{"line":89,"column":13}},"loc":{"start":{"line":89,"column":24},"end":{"line":92,"column":7}},"line":89},"13":{"name":"(anonymous_13)","decl":{"start":{"line":93,"column":13},"end":{"line":93,"column":14}},"loc":{"start":{"line":93,"column":22},"end":{"line":95,"column":7}},"line":93},"14":{"name":"(anonymous_14)","decl":{"start":{"line":97,"column":15},"end":{"line":97,"column":16}},"loc":{"start":{"line":97,"column":21},"end":{"line":99,"column":5}},"line":97},"15":{"name":"(anonymous_15)","decl":{"start":{"line":131,"column":26},"end":{"line":131,"column":27}},"loc":{"start":{"line":131,"column":32},"end":{"line":131,"column":59}},"line":131},"16":{"name":"(anonymous_16)","decl":{"start":{"line":145,"column":26},"end":{"line":145,"column":27}},"loc":{"start":{"line":145,"column":32},"end":{"line":145,"column":59}},"line":145},"17":{"name":"(anonymous_17)","decl":{"start":{"line":191,"column":28},"end":{"line":191,"column":29}},"loc":{"start":{"line":191,"column":35},"end":{"line":196,"column":19}},"line":191},"18":{"name":"(anonymous_18)","decl":{"start":{"line":193,"column":55},"end":{"line":193,"column":56}},"loc":{"start":{"line":193,"column":65},"end":{"line":193,"column":90}},"line":193},"19":{"name":"(anonymous_19)","decl":{"start":{"line":198,"column":33},"end":{"line":198,"column":34}},"loc":{"start":{"line":199,"column":4},"end":{"line":199,"column":93}},"line":199},"20":{"name":"(anonymous_20)","decl":{"start":{"line":231,"column":274},"end":{"line":231,"column":275}},"loc":{"start":{"line":231,"column":280},"end":{"line":231,"column":304}},"line":231}},"branchMap":{"0":{"loc":{"start":{"line":54,"column":27},"end":{"line":54,"column":133}},"type":"cond-expr","locations":[{"start":{"line":54,"column":55},"end":{"line":54,"column":72}},{"start":{"line":54,"column":75},"end":{"line":54,"column":133}}],"line":54},"1":{"loc":{"start":{"line":105,"column":81},"end":{"line":105,"column":113}},"type":"cond-expr","locations":[{"start":{"line":105,"column":93},"end":{"line":105,"column":102}},{"start":{"line":105,"column":105},"end":{"line":105,"column":113}}],"line":105},"2":{"loc":{"start":{"line":108,"column":11},"end":{"line":240,"column":11}},"type":"cond-expr","locations":[{"start":{"line":109,"column":12},"end":{"line":234,"column":15}},{"start":{"line":236,"column":12},"end":{"line":239,"column":18}}],"line":108}},"s":{"0":0,"1":0,"2":0,"3":0,"4":0,"5":0,"6":0,"7":0,"8":0,"9":0,"10":0,"11":0,"12":0,"13":0,"14":0,"15":0,"16":0,"17":0,"18":0,"19":0,"20":0,"21":0,"22":0,"23":0,"24":0,"25":0,"26":0,"27":0,"28":0,"29":0,"30":0,"31":0,"32":0,"33":0,"34":0,"35":0,"36":0,"37":0,"38":0,"39":0,"40":0,"41":0,"42":0,"43":0,"44":0,"45":0,"46":0,"47":0,"48":0,"49":0,"50":0,"51":0,"52":0,"53":0,"54":0,"55":0,"56":0,"57":0,"58":0},"f":{"0":0,"1":0,"2":0,"3":0,"4":0,"5":0,"6":0,"7":0,"8":0,"9":0,"10":0,"11":0,"12":0,"13":0,"14":0,"15":0,"16":0,"17":0,"18":0,"19":0,"20":0},"b":{"0":[0,0],"1":[0,0],"2":[0,0]}}
,"/home/mcuellar/SDC/client/src/components/componentA/RatingSummary.jsx": {"path":"/home/mcuellar/SDC/client/src/components/componentA/RatingSummary.jsx","statementMap":{"0":{"start":{"line":8,"column":22},"end":{"line":249,"column":1}},"1":{"start":{"line":10,"column":30},"end":{"line":71,"column":1}},"2":{"start":{"line":73,"column":40},"end":{"line":73,"column":54}},"3":{"start":{"line":74,"column":44},"end":{"line":74,"column":56}},"4":{"start":{"line":76,"column":23},"end":{"line":84,"column":3}},"5":{"start":{"line":77,"column":4},"end":{"line":83,"column":9}},"6":{"start":{"line":79,"column":8},"end":{"line":79,"column":38}},"7":{"start":{"line":82,"column":8},"end":{"line":82,"column":56}},"8":{"start":{"line":86,"column":2},"end":{"line":88,"column":9}},"9":{"start":{"line":87,"column":4},"end":{"line":87,"column":19}},"10":{"start":{"line":90,"column":33},"end":{"line":99,"column":3}},"11":{"start":{"line":91,"column":24},"end":{"line":91,"column":44}},"12":{"start":{"line":92,"column":20},"end":{"line":92,"column":21}},"13":{"start":{"line":93,"column":4},"end":{"line":93,"column":77}},"14":{"start":{"line":93,"column":37},"end":{"line":93,"column":74}},"15":{"start":{"line":94,"column":24},"end":{"line":97,"column":5}},"16":{"start":{"line":95,"column":22},"end":{"line":95,"column":43}},"17":{"start":{"line":98,"column":4},"end":{"line":98,"column":35}},"18":{"start":{"line":101,"column":2},"end":{"line":103,"column":3}},"19":{"start":{"line":102,"column":4},"end":{"line":102,"column":41}},"20":{"start":{"line":105,"column":39},"end":{"line":107,"column":3}},"21":{"start":{"line":106,"column":4},"end":{"line":106,"column":103}},"22":{"start":{"line":109,"column":28},"end":{"line":121,"column":3}},"23":{"start":{"line":110,"column":27},"end":{"line":110,"column":29}},"24":{"start":{"line":111,"column":24},"end":{"line":114,"column":5}},"25":{"start":{"line":112,"column":22},"end":{"line":112,"column":43}},"26":{"start":{"line":115,"column":4},"end":{"line":115,"column":49}},"27":{"start":{"line":116,"column":4},"end":{"line":116,"column":49}},"28":{"start":{"line":117,"column":4},"end":{"line":117,"column":49}},"29":{"start":{"line":118,"column":4},"end":{"line":118,"column":49}},"30":{"start":{"line":119,"column":4},"end":{"line":119,"column":49}},"31":{"start":{"line":120,"column":4},"end":{"line":120,"column":28}},"32":{"start":{"line":124,"column":32},"end":{"line":133,"column":3}},"33":{"start":{"line":125,"column":4},"end":{"line":132,"column":5}},"34":{"start":{"line":126,"column":6},"end":{"line":126,"column":36}},"35":{"start":{"line":128,"column":30},"end":{"line":130,"column":7}},"36":{"start":{"line":129,"column":8},"end":{"line":129,"column":39}},"37":{"start":{"line":131,"column":6},"end":{"line":131,"column":34}},"38":{"start":{"line":136,"column":23},"end":{"line":147,"column":3}},"39":{"start":{"line":137,"column":4},"end":{"line":146,"column":7}},"40":{"start":{"line":139,"column":6},"end":{"line":143,"column":7}},"41":{"start":{"line":140,"column":8},"end":{"line":140,"column":65}},"42":{"start":{"line":140,"column":48},"end":{"line":140,"column":63}},"43":{"start":{"line":142,"column":8},"end":{"line":142,"column":46}},"44":{"start":{"line":144,"column":6},"end":{"line":144,"column":40}},"45":{"start":{"line":145,"column":6},"end":{"line":145,"column":24}},"46":{"start":{"line":150,"column":26},"end":{"line":153,"column":3}},"47":{"start":{"line":151,"column":4},"end":{"line":151,"column":25}},"48":{"start":{"line":152,"column":4},"end":{"line":152,"column":34}},"49":{"start":{"line":155,"column":30},"end":{"line":155,"column":94}},"50":{"start":{"line":156,"column":24},"end":{"line":156,"column":78}},"51":{"start":{"line":157,"column":27},"end":{"line":157,"column":65}},"52":{"start":{"line":159,"column":2},"end":{"line":248,"column":3}},"53":{"start":{"line":174,"column":10},"end":{"line":174,"column":26}},"54":{"start":{"line":181,"column":10},"end":{"line":181,"column":26}},"55":{"start":{"line":188,"column":10},"end":{"line":188,"column":26}},"56":{"start":{"line":195,"column":10},"end":{"line":195,"column":26}},"57":{"start":{"line":202,"column":10},"end":{"line":202,"column":26}},"58":{"start":{"line":215,"column":16},"end":{"line":217,"column":23}},"59":{"start":{"line":215,"column":148},"end":{"line":215,"column":168}},"60":{"start":{"line":233,"column":4},"end":{"line":243,"column":10}},"61":{"start":{"line":238,"column":75},"end":{"line":238,"column":98}},"62":{"start":{"line":239,"column":70},"end":{"line":239,"column":93}},"63":{"start":{"line":240,"column":75},"end":{"line":240,"column":98}}},"fnMap":{"0":{"name":"(anonymous_0)","decl":{"start":{"line":8,"column":22},"end":{"line":8,"column":23}},"loc":{"start":{"line":8,"column":68},"end":{"line":249,"column":1}},"line":8},"1":{"name":"(anonymous_1)","decl":{"start":{"line":76,"column":23},"end":{"line":76,"column":24}},"loc":{"start":{"line":76,"column":29},"end":{"line":84,"column":3}},"line":76},"2":{"name":"(anonymous_2)","decl":{"start":{"line":78,"column":12},"end":{"line":78,"column":13}},"loc":{"start":{"line":78,"column":24},"end":{"line":80,"column":7}},"line":78},"3":{"name":"(anonymous_3)","decl":{"start":{"line":81,"column":13},"end":{"line":81,"column":14}},"loc":{"start":{"line":81,"column":22},"end":{"line":83,"column":7}},"line":81},"4":{"name":"(anonymous_4)","decl":{"start":{"line":86,"column":12},"end":{"line":86,"column":13}},"loc":{"start":{"line":86,"column":18},"end":{"line":88,"column":3}},"line":86},"5":{"name":"(anonymous_5)","decl":{"start":{"line":90,"column":33},"end":{"line":90,"column":34}},"loc":{"start":{"line":90,"column":46},"end":{"line":99,"column":3}},"line":90},"6":{"name":"(anonymous_6)","decl":{"start":{"line":93,"column":24},"end":{"line":93,"column":25}},"loc":{"start":{"line":93,"column":37},"end":{"line":93,"column":74}},"line":93},"7":{"name":"(anonymous_7)","decl":{"start":{"line":95,"column":6},"end":{"line":95,"column":7}},"loc":{"start":{"line":95,"column":22},"end":{"line":95,"column":43}},"line":95},"8":{"name":"(anonymous_8)","decl":{"start":{"line":105,"column":39},"end":{"line":105,"column":40}},"loc":{"start":{"line":105,"column":58},"end":{"line":107,"column":3}},"line":105},"9":{"name":"(anonymous_9)","decl":{"start":{"line":109,"column":28},"end":{"line":109,"column":29}},"loc":{"start":{"line":109,"column":41},"end":{"line":121,"column":3}},"line":109},"10":{"name":"(anonymous_10)","decl":{"start":{"line":112,"column":6},"end":{"line":112,"column":7}},"loc":{"start":{"line":112,"column":22},"end":{"line":112,"column":43}},"line":112},"11":{"name":"(anonymous_11)","decl":{"start":{"line":124,"column":32},"end":{"line":124,"column":33}},"loc":{"start":{"line":124,"column":45},"end":{"line":133,"column":3}},"line":124},"12":{"name":"(anonymous_12)","decl":{"start":{"line":128,"column":55},"end":{"line":128,"column":56}},"loc":{"start":{"line":129,"column":8},"end":{"line":129,"column":39}},"line":129},"13":{"name":"(anonymous_13)","decl":{"start":{"line":136,"column":23},"end":{"line":136,"column":24}},"loc":{"start":{"line":136,"column":35},"end":{"line":147,"column":3}},"line":136},"14":{"name":"(anonymous_14)","decl":{"start":{"line":137,"column":21},"end":{"line":137,"column":22}},"loc":{"start":{"line":137,"column":36},"end":{"line":146,"column":5}},"line":137},"15":{"name":"(anonymous_15)","decl":{"start":{"line":140,"column":40},"end":{"line":140,"column":41}},"loc":{"start":{"line":140,"column":48},"end":{"line":140,"column":63}},"line":140},"16":{"name":"(anonymous_16)","decl":{"start":{"line":150,"column":26},"end":{"line":150,"column":27}},"loc":{"start":{"line":150,"column":32},"end":{"line":153,"column":3}},"line":150},"17":{"name":"(anonymous_17)","decl":{"start":{"line":173,"column":26},"end":{"line":173,"column":27}},"loc":{"start":{"line":173,"column":32},"end":{"line":175,"column":9}},"line":173},"18":{"name":"(anonymous_18)","decl":{"start":{"line":180,"column":26},"end":{"line":180,"column":27}},"loc":{"start":{"line":180,"column":32},"end":{"line":182,"column":9}},"line":180},"19":{"name":"(anonymous_19)","decl":{"start":{"line":187,"column":26},"end":{"line":187,"column":27}},"loc":{"start":{"line":187,"column":32},"end":{"line":189,"column":9}},"line":187},"20":{"name":"(anonymous_20)","decl":{"start":{"line":194,"column":26},"end":{"line":194,"column":27}},"loc":{"start":{"line":194,"column":32},"end":{"line":196,"column":9}},"line":194},"21":{"name":"(anonymous_21)","decl":{"start":{"line":201,"column":26},"end":{"line":201,"column":27}},"loc":{"start":{"line":201,"column":32},"end":{"line":203,"column":9}},"line":201},"22":{"name":"(anonymous_22)","decl":{"start":{"line":214,"column":33},"end":{"line":214,"column":34}},"loc":{"start":{"line":215,"column":16},"end":{"line":217,"column":23}},"line":215},"23":{"name":"(anonymous_23)","decl":{"start":{"line":215,"column":142},"end":{"line":215,"column":143}},"loc":{"start":{"line":215,"column":148},"end":{"line":215,"column":168}},"line":215},"24":{"name":"(anonymous_24)","decl":{"start":{"line":232,"column":51},"end":{"line":232,"column":52}},"loc":{"start":{"line":233,"column":4},"end":{"line":243,"column":10}},"line":233},"25":{"name":"(anonymous_25)","decl":{"start":{"line":238,"column":67},"end":{"line":238,"column":68}},"loc":{"start":{"line":238,"column":75},"end":{"line":238,"column":98}},"line":238},"26":{"name":"(anonymous_26)","decl":{"start":{"line":239,"column":62},"end":{"line":239,"column":63}},"loc":{"start":{"line":239,"column":70},"end":{"line":239,"column":93}},"line":239},"27":{"name":"(anonymous_27)","decl":{"start":{"line":240,"column":67},"end":{"line":240,"column":68}},"loc":{"start":{"line":240,"column":75},"end":{"line":240,"column":98}},"line":240}},"branchMap":{"0":{"loc":{"start":{"line":101,"column":2},"end":{"line":103,"column":3}},"type":"if","locations":[{"start":{"line":101,"column":2},"end":{"line":103,"column":3}},{"start":{},"end":{}}],"line":101},"1":{"loc":{"start":{"line":125,"column":4},"end":{"line":132,"column":5}},"type":"if","locations":[{"start":{"line":125,"column":4},"end":{"line":132,"column":5}},{"start":{"line":127,"column":11},"end":{"line":132,"column":5}}],"line":125},"2":{"loc":{"start":{"line":139,"column":6},"end":{"line":143,"column":7}},"type":"if","locations":[{"start":{"line":139,"column":6},"end":{"line":143,"column":7}},{"start":{"line":141,"column":13},"end":{"line":143,"column":7}}],"line":139},"3":{"loc":{"start":{"line":210,"column":9},"end":{"line":227,"column":9}},"type":"binary-expr","locations":[{"start":{"line":210,"column":9},"end":{"line":210,"column":33}},{"start":{"line":211,"column":10},"end":{"line":226,"column":16}}],"line":210}},"s":{"0":0,"1":0,"2":0,"3":0,"4":0,"5":0,"6":0,"7":0,"8":0,"9":0,"10":0,"11":0,"12":0,"13":0,"14":0,"15":0,"16":0,"17":0,"18":0,"19":0,"20":0,"21":0,"22":0,"23":0,"24":0,"25":0,"26":0,"27":0,"28":0,"29":0,"30":0,"31":0,"32":0,"33":0,"34":0,"35":0,"36":0,"37":0,"38":0,"39":0,"40":0,"41":0,"42":0,"43":0,"44":0,"45":0,"46":0,"47":0,"48":0,"49":0,"50":0,"51":0,"52":0,"53":0,"54":0,"55":0,"56":0,"57":0,"58":0,"59":0,"60":0,"61":0,"62":0,"63":0},"f":{"0":0,"1":0,"2":0,"3":0,"4":0,"5":0,"6":0,"7":0,"8":0,"9":0,"10":0,"11":0,"12":0,"13":0,"14":0,"15":0,"16":0,"17":0,"18":0,"19":0,"20":0,"21":0,"22":0,"23":0,"24":0,"25":0,"26":0,"27":0},"b":{"0":[0,0],"1":[0,0],"2":[0,0],"3":[0,0]}}
,"/home/mcuellar/SDC/client/src/components/componentA/ReviewBar.jsx": {"path":"/home/mcuellar/SDC/client/src/components/componentA/ReviewBar.jsx","statementMap":{"0":{"start":{"line":3,"column":18},"end":{"line":25,"column":1}},"1":{"start":{"line":5,"column":22},"end":{"line":10,"column":5}},"2":{"start":{"line":12,"column":21},"end":{"line":17,"column":5}},"3":{"start":{"line":19,"column":2},"end":{"line":24,"column":3}}},"fnMap":{"0":{"name":"(anonymous_0)","decl":{"start":{"line":3,"column":18},"end":{"line":3,"column":19}},"loc":{"start":{"line":3,"column":49},"end":{"line":25,"column":1}},"line":3}},"branchMap":{},"s":{"0":0,"1":0,"2":0,"3":0},"f":{"0":0},"b":{}}
,"/home/mcuellar/SDC/client/src/components/componentA/ReviewEntry.jsx": {"path":"/home/mcuellar/SDC/client/src/components/componentA/ReviewEntry.jsx","statementMap":{"0":{"start":{"line":7,"column":20},"end":{"line":66,"column":1}},"1":{"start":{"line":8,"column":18},"end":{"line":8,"column":39}},"2":{"start":{"line":9,"column":18},"end":{"line":9,"column":69}},"3":{"start":{"line":10,"column":24},"end":{"line":10,"column":68}},"4":{"start":{"line":12,"column":46},"end":{"line":12,"column":61}},"5":{"start":{"line":13,"column":44},"end":{"line":13,"column":58}},"6":{"start":{"line":14,"column":46},"end":{"line":14,"column":61}},"7":{"start":{"line":16,"column":25},"end":{"line":18,"column":3}},"8":{"start":{"line":17,"column":4},"end":{"line":17,"column":28}},"9":{"start":{"line":20,"column":27},"end":{"line":23,"column":3}},"10":{"start":{"line":21,"column":4},"end":{"line":21,"column":28}},"11":{"start":{"line":22,"column":4},"end":{"line":22,"column":28}},"12":{"start":{"line":25,"column":2},"end":{"line":65,"column":4}},"13":{"start":{"line":44,"column":12},"end":{"line":48,"column":14}},"14":{"start":{"line":47,"column":27},"end":{"line":47,"column":50}},"15":{"start":{"line":56,"column":26},"end":{"line":56,"column":50}}},"fnMap":{"0":{"name":"(anonymous_0)","decl":{"start":{"line":7,"column":20},"end":{"line":7,"column":21}},"loc":{"start":{"line":7,"column":36},"end":{"line":66,"column":1}},"line":7},"1":{"name":"(anonymous_1)","decl":{"start":{"line":16,"column":25},"end":{"line":16,"column":26}},"loc":{"start":{"line":16,"column":31},"end":{"line":18,"column":3}},"line":16},"2":{"name":"(anonymous_2)","decl":{"start":{"line":20,"column":27},"end":{"line":20,"column":28}},"loc":{"start":{"line":20,"column":38},"end":{"line":23,"column":3}},"line":20},"3":{"name":"(anonymous_3)","decl":{"start":{"line":43,"column":29},"end":{"line":43,"column":30}},"loc":{"start":{"line":44,"column":12},"end":{"line":48,"column":14}},"line":44},"4":{"name":"(anonymous_4)","decl":{"start":{"line":47,"column":21},"end":{"line":47,"column":22}},"loc":{"start":{"line":47,"column":27},"end":{"line":47,"column":50}},"line":47},"5":{"name":"(anonymous_5)","decl":{"start":{"line":56,"column":20},"end":{"line":56,"column":21}},"loc":{"start":{"line":56,"column":26},"end":{"line":56,"column":50}},"line":56}},"branchMap":{"0":{"loc":{"start":{"line":34,"column":48},"end":{"line":34,"column":80}},"type":"cond-expr","locations":[{"start":{"line":34,"column":65},"end":{"line":34,"column":75}},{"start":{"line":34,"column":78},"end":{"line":34,"column":80}}],"line":34},"1":{"loc":{"start":{"line":35,"column":9},"end":{"line":35,"column":69}},"type":"cond-expr","locations":[{"start":{"line":35,"column":26},"end":{"line":35,"column":37}},{"start":{"line":35,"column":40},"end":{"line":35,"column":69}}],"line":35},"2":{"loc":{"start":{"line":36,"column":9},"end":{"line":38,"column":9}},"type":"binary-expr","locations":[{"start":{"line":36,"column":9},"end":{"line":36,"column":24}},{"start":{"line":36,"column":28},"end":{"line":36,"column":52}},{"start":{"line":37,"column":10},"end":{"line":37,"column":122}}],"line":36},"3":{"loc":{"start":{"line":41,"column":7},"end":{"line":51,"column":7}},"type":"binary-expr","locations":[{"start":{"line":41,"column":7},"end":{"line":41,"column":20}},{"start":{"line":41,"column":24},"end":{"line":41,"column":48}},{"start":{"line":42,"column":8},"end":{"line":50,"column":14}}],"line":41},"4":{"loc":{"start":{"line":53,"column":7},"end":{"line":58,"column":7}},"type":"binary-expr","locations":[{"start":{"line":53,"column":7},"end":{"line":53,"column":21}},{"start":{"line":54,"column":8},"end":{"line":57,"column":10}}],"line":53},"5":{"loc":{"start":{"line":60,"column":7},"end":{"line":60,"column":156}},"type":"binary-expr","locations":[{"start":{"line":60,"column":7},"end":{"line":60,"column":23}},{"start":{"line":60,"column":27},"end":{"line":60,"column":156}}],"line":60}},"s":{"0":0,"1":0,"2":0,"3":0,"4":0,"5":0,"6":0,"7":0,"8":0,"9":0,"10":0,"11":0,"12":0,"13":0,"14":0,"15":0},"f":{"0":0,"1":0,"2":0,"3":0,"4":0,"5":0},"b":{"0":[0,0],"1":[0,0],"2":[0,0,0],"3":[0,0,0],"4":[0,0],"5":[0,0]}}
,"/home/mcuellar/SDC/client/src/components/componentA/ReviewsList.jsx": {"path":"/home/mcuellar/SDC/client/src/components/componentA/ReviewsList.jsx","statementMap":{"0":{"start":{"line":7,"column":20},"end":{"line":108,"column":1}},"1":{"start":{"line":8,"column":32},"end":{"line":8,"column":44}},"2":{"start":{"line":9,"column":52},"end":{"line":9,"column":64}},"3":{"start":{"line":10,"column":32},"end":{"line":10,"column":43}},"4":{"start":{"line":11,"column":36},"end":{"line":11,"column":51}},"5":{"start":{"line":12,"column":44},"end":{"line":12,"column":56}},"6":{"start":{"line":14,"column":22},"end":{"line":34,"column":3}},"7":{"start":{"line":15,"column":24},"end":{"line":15,"column":36}},"8":{"start":{"line":16,"column":4},"end":{"line":32,"column":5}},"9":{"start":{"line":18,"column":8},"end":{"line":18,"column":68}},"10":{"start":{"line":18,"column":37},"end":{"line":18,"column":66}},"11":{"start":{"line":19,"column":8},"end":{"line":19,"column":14}},"12":{"start":{"line":21,"column":8},"end":{"line":21,"column":74}},"13":{"start":{"line":21,"column":37},"end":{"line":21,"column":72}},"14":{"start":{"line":22,"column":8},"end":{"line":22,"column":14}},"15":{"start":{"line":24,"column":8},"end":{"line":28,"column":11}},"16":{"start":{"line":25,"column":29},"end":{"line":25,"column":87}},"17":{"start":{"line":26,"column":29},"end":{"line":26,"column":87}},"18":{"start":{"line":27,"column":10},"end":{"line":27,"column":41}},"19":{"start":{"line":29,"column":8},"end":{"line":29,"column":14}},"20":{"start":{"line":31,"column":8},"end":{"line":31,"column":14}},"21":{"start":{"line":33,"column":4},"end":{"line":33,"column":30}},"22":{"start":{"line":36,"column":2},"end":{"line":38,"column":22}},"23":{"start":{"line":37,"column":4},"end":{"line":37,"column":31}},"24":{"start":{"line":40,"column":23},"end":{"line":49,"column":3}},"25":{"start":{"line":41,"column":4},"end":{"line":48,"column":9}},"26":{"start":{"line":43,"column":8},"end":{"line":43,"column":34}},"27":{"start":{"line":44,"column":8},"end":{"line":44,"column":44}},"28":{"start":{"line":47,"column":8},"end":{"line":47,"column":56}},"29":{"start":{"line":52,"column":26},"end":{"line":54,"column":3}},"30":{"start":{"line":53,"column":4},"end":{"line":53,"column":45}},"31":{"start":{"line":53,"column":30},"end":{"line":53,"column":43}},"32":{"start":{"line":56,"column":29},"end":{"line":56,"column":53}},"33":{"start":{"line":58,"column":2},"end":{"line":60,"column":9}},"34":{"start":{"line":59,"column":4},"end":{"line":59,"column":19}},"35":{"start":{"line":62,"column":2},"end":{"line":107,"column":4}},"36":{"start":{"line":74,"column":27},"end":{"line":74,"column":59}},"37":{"start":{"line":85,"column":10},"end":{"line":85,"column":53}},"38":{"start":{"line":96,"column":127},"end":{"line":96,"column":145}}},"fnMap":{"0":{"name":"(anonymous_0)","decl":{"start":{"line":7,"column":20},"end":{"line":7,"column":21}},"loc":{"start":{"line":7,"column":26},"end":{"line":108,"column":1}},"line":7},"1":{"name":"(anonymous_1)","decl":{"start":{"line":14,"column":22},"end":{"line":14,"column":23}},"loc":{"start":{"line":14,"column":34},"end":{"line":34,"column":3}},"line":14},"2":{"name":"(anonymous_2)","decl":{"start":{"line":18,"column":27},"end":{"line":18,"column":28}},"loc":{"start":{"line":18,"column":37},"end":{"line":18,"column":66}},"line":18},"3":{"name":"(anonymous_3)","decl":{"start":{"line":21,"column":27},"end":{"line":21,"column":28}},"loc":{"start":{"line":21,"column":37},"end":{"line":21,"column":72}},"line":21},"4":{"name":"(anonymous_4)","decl":{"start":{"line":24,"column":27},"end":{"line":24,"column":28}},"loc":{"start":{"line":24,"column":37},"end":{"line":28,"column":9}},"line":24},"5":{"name":"(anonymous_5)","decl":{"start":{"line":36,"column":12},"end":{"line":36,"column":13}},"loc":{"start":{"line":36,"column":18},"end":{"line":38,"column":3}},"line":36},"6":{"name":"(anonymous_6)","decl":{"start":{"line":40,"column":23},"end":{"line":40,"column":24}},"loc":{"start":{"line":40,"column":29},"end":{"line":49,"column":3}},"line":40},"7":{"name":"(anonymous_7)","decl":{"start":{"line":42,"column":12},"end":{"line":42,"column":13}},"loc":{"start":{"line":42,"column":24},"end":{"line":45,"column":7}},"line":42},"8":{"name":"(anonymous_8)","decl":{"start":{"line":46,"column":13},"end":{"line":46,"column":14}},"loc":{"start":{"line":46,"column":22},"end":{"line":48,"column":7}},"line":46},"9":{"name":"(anonymous_9)","decl":{"start":{"line":52,"column":26},"end":{"line":52,"column":27}},"loc":{"start":{"line":52,"column":32},"end":{"line":54,"column":3}},"line":52},"10":{"name":"(anonymous_10)","decl":{"start":{"line":53,"column":15},"end":{"line":53,"column":16}},"loc":{"start":{"line":53,"column":30},"end":{"line":53,"column":43}},"line":53},"11":{"name":"(anonymous_11)","decl":{"start":{"line":58,"column":12},"end":{"line":58,"column":13}},"loc":{"start":{"line":58,"column":18},"end":{"line":60,"column":3}},"line":58},"12":{"name":"(anonymous_12)","decl":{"start":{"line":74,"column":20},"end":{"line":74,"column":21}},"loc":{"start":{"line":74,"column":27},"end":{"line":74,"column":59}},"line":74},"13":{"name":"(anonymous_13)","decl":{"start":{"line":84,"column":39},"end":{"line":84,"column":40}},"loc":{"start":{"line":85,"column":10},"end":{"line":85,"column":53}},"line":85},"14":{"name":"(anonymous_14)","decl":{"start":{"line":96,"column":121},"end":{"line":96,"column":122}},"loc":{"start":{"line":96,"column":127},"end":{"line":96,"column":145}},"line":96}},"branchMap":{"0":{"loc":{"start":{"line":16,"column":4},"end":{"line":32,"column":5}},"type":"switch","locations":[{"start":{"line":17,"column":6},"end":{"line":19,"column":14}},{"start":{"line":20,"column":6},"end":{"line":22,"column":14}},{"start":{"line":23,"column":6},"end":{"line":29,"column":14}},{"start":{"line":30,"column":6},"end":{"line":31,"column":14}}],"line":16},"1":{"loc":{"start":{"line":90,"column":5},"end":{"line":94,"column":5}},"type":"binary-expr","locations":[{"start":{"line":90,"column":5},"end":{"line":90,"column":23}},{"start":{"line":91,"column":6},"end":{"line":93,"column":15}}],"line":90},"2":{"loc":{"start":{"line":99,"column":7},"end":{"line":99,"column":120}},"type":"binary-expr","locations":[{"start":{"line":99,"column":7},"end":{"line":99,"column":16}},{"start":{"line":99,"column":20},"end":{"line":99,"column":120}}],"line":99}},"s":{"0":0,"1":0,"2":0,"3":0,"4":0,"5":0,"6":0,"7":0,"8":0,"9":0,"10":0,"11":0,"12":0,"13":0,"14":0,"15":0,"16":0,"17":0,"18":0,"19":0,"20":0,"21":0,"22":0,"23":0,"24":0,"25":0,"26":0,"27":0,"28":0,"29":0,"30":0,"31":0,"32":0,"33":0,"34":0,"35":0,"36":0,"37":0,"38":0},"f":{"0":0,"1":0,"2":0,"3":0,"4":0,"5":0,"6":0,"7":0,"8":0,"9":0,"10":0,"11":0,"12":0,"13":0,"14":0},"b":{"0":[0,0,0,0],"1":[0,0],"2":[0,0]}}
,"/home/mcuellar/SDC/client/src/components/componentA/Star.jsx": {"path":"/home/mcuellar/SDC/client/src/components/componentA/Star.jsx","statementMap":{"0":{"start":{"line":9,"column":28},"end":{"line":49,"column":3}},"1":{"start":{"line":10,"column":4},"end":{"line":10,"column":25}},"2":{"start":{"line":11,"column":16},"end":{"line":11,"column":18}},"3":{"start":{"line":12,"column":4},"end":{"line":47,"column":5}},"4":{"start":{"line":13,"column":8},"end":{"line":45,"column":9}},"5":{"start":{"line":14,"column":12},"end":{"line":14,"column":26}},"6":{"start":{"line":15,"column":15},"end":{"line":45,"column":9}},"7":{"start":{"line":16,"column":24},"end":{"line":16,"column":44}},"8":{"start":{"line":17,"column":24},"end":{"line":17,"column":47}},"9":{"start":{"line":18,"column":23},"end":{"line":18,"column":45}},"10":{"start":{"line":19,"column":24},"end":{"line":19,"column":47}},"11":{"start":{"line":20,"column":23},"end":{"line":20,"column":43}},"12":{"start":{"line":21,"column":26},"end":{"line":21,"column":67}},"13":{"start":{"line":22,"column":12},"end":{"line":42,"column":13}},"14":{"start":{"line":24,"column":20},"end":{"line":24,"column":34}},"15":{"start":{"line":25,"column":20},"end":{"line":25,"column":26}},"16":{"start":{"line":27,"column":20},"end":{"line":27,"column":37}},"17":{"start":{"line":28,"column":20},"end":{"line":28,"column":26}},"18":{"start":{"line":30,"column":20},"end":{"line":30,"column":36}},"19":{"start":{"line":31,"column":20},"end":{"line":31,"column":26}},"20":{"start":{"line":33,"column":20},"end":{"line":33,"column":37}},"21":{"start":{"line":34,"column":20},"end":{"line":34,"column":26}},"22":{"start":{"line":36,"column":20},"end":{"line":36,"column":36}},"23":{"start":{"line":37,"column":20},"end":{"line":37,"column":26}},"24":{"start":{"line":39,"column":20},"end":{"line":39,"column":40}},"25":{"start":{"line":40,"column":20},"end":{"line":40,"column":34}},"26":{"start":{"line":41,"column":20},"end":{"line":41,"column":26}},"27":{"start":{"line":44,"column":12},"end":{"line":44,"column":26}},"28":{"start":{"line":46,"column":8},"end":{"line":46,"column":28}},"29":{"start":{"line":48,"column":4},"end":{"line":48,"column":17}},"30":{"start":{"line":51,"column":13},"end":{"line":72,"column":1}},"31":{"start":{"line":53,"column":16},"end":{"line":53,"column":36}},"32":{"start":{"line":55,"column":2},"end":{"line":71,"column":4}},"33":{"start":{"line":58,"column":16},"end":{"line":68,"column":18}}},"fnMap":{"0":{"name":"(anonymous_0)","decl":{"start":{"line":9,"column":28},"end":{"line":9,"column":29}},"loc":{"start":{"line":9,"column":40},"end":{"line":49,"column":3}},"line":9},"1":{"name":"(anonymous_1)","decl":{"start":{"line":51,"column":13},"end":{"line":51,"column":14}},"loc":{"start":{"line":51,"column":27},"end":{"line":72,"column":1}},"line":51},"2":{"name":"(anonymous_2)","decl":{"start":{"line":57,"column":17},"end":{"line":57,"column":18}},"loc":{"start":{"line":57,"column":30},"end":{"line":69,"column":13}},"line":57}},"branchMap":{"0":{"loc":{"start":{"line":10,"column":13},"end":{"line":10,"column":24}},"type":"binary-expr","locations":[{"start":{"line":10,"column":13},"end":{"line":10,"column":19}},{"start":{"line":10,"column":23},"end":{"line":10,"column":24}}],"line":10},"1":{"loc":{"start":{"line":13,"column":8},"end":{"line":45,"column":9}},"type":"if","locations":[{"start":{"line":13,"column":8},"end":{"line":45,"column":9}},{"start":{"line":15,"column":15},"end":{"line":45,"column":9}}],"line":13},"2":{"loc":{"start":{"line":15,"column":15},"end":{"line":45,"column":9}},"type":"if","locations":[{"start":{"line":15,"column":15},"end":{"line":45,"column":9}},{"start":{"line":43,"column":15},"end":{"line":45,"column":9}}],"line":15},"3":{"loc":{"start":{"line":22,"column":12},"end":{"line":42,"column":13}},"type":"switch","locations":[{"start":{"line":23,"column":16},"end":{"line":25,"column":26}},{"start":{"line":26,"column":16},"end":{"line":28,"column":26}},{"start":{"line":29,"column":16},"end":{"line":31,"column":26}},{"start":{"line":32,"column":16},"end":{"line":34,"column":26}},{"start":{"line":35,"column":16},"end":{"line":37,"column":26}},{"start":{"line":38,"column":16},"end":{"line":41,"column":26}}],"line":22},"4":{"loc":{"start":{"line":61,"column":25},"end":{"line":61,"column":126}},"type":"binary-expr","locations":[{"start":{"line":61,"column":25},"end":{"line":61,"column":35}},{"start":{"line":61,"column":39},"end":{"line":61,"column":126}}],"line":61},"5":{"loc":{"start":{"line":62,"column":25},"end":{"line":62,"column":135}},"type":"binary-expr","locations":[{"start":{"line":62,"column":25},"end":{"line":62,"column":38}},{"start":{"line":62,"column":42},"end":{"line":62,"column":135}}],"line":62},"6":{"loc":{"start":{"line":63,"column":25},"end":{"line":63,"column":122}},"type":"binary-expr","locations":[{"start":{"line":63,"column":25},"end":{"line":63,"column":37}},{"start":{"line":63,"column":41},"end":{"line":63,"column":122}}],"line":63},"7":{"loc":{"start":{"line":64,"column":25},"end":{"line":64,"column":139}},"type":"binary-expr","locations":[{"start":{"line":64,"column":25},"end":{"line":64,"column":38}},{"start":{"line":64,"column":42},"end":{"line":64,"column":139}}],"line":64},"8":{"loc":{"start":{"line":65,"column":25},"end":{"line":65,"column":120}},"type":"binary-expr","locations":[{"start":{"line":65,"column":25},"end":{"line":65,"column":35}},{"start":{"line":65,"column":39},"end":{"line":65,"column":120}}],"line":65}},"s":{"0":0,"1":0,"2":0,"3":0,"4":0,"5":0,"6":0,"7":0,"8":0,"9":0,"10":0,"11":0,"12":0,"13":0,"14":0,"15":0,"16":0,"17":0,"18":0,"19":0,"20":0,"21":0,"22":0,"23":0,"24":0,"25":0,"26":0,"27":0,"28":0,"29":0,"30":0,"31":0,"32":0,"33":0},"f":{"0":0,"1":0,"2":0},"b":{"0":[0,0],"1":[0,0],"2":[0,0],"3":[0,0,0,0,0,0],"4":[0,0],"5":[0,0],"6":[0,0],"7":[0,0],"8":[0,0]}}
,"/home/mcuellar/SDC/client/src/components/componentA/StarRating.jsx": {"path":"/home/mcuellar/SDC/client/src/components/componentA/StarRating.jsx","statementMap":{"0":{"start":{"line":4,"column":19},"end":{"line":51,"column":1}},"1":{"start":{"line":6,"column":28},"end":{"line":6,"column":42}},"2":{"start":{"line":7,"column":21},"end":{"line":13,"column":3}},"3":{"start":{"line":19,"column":2},"end":{"line":50,"column":3}},"4":{"start":{"line":22,"column":28},"end":{"line":22,"column":33}},"5":{"start":{"line":24,"column":8},"end":{"line":43,"column":9}},"6":{"start":{"line":32,"column":16},"end":{"line":32,"column":39}},"7":{"start":{"line":39,"column":34},"end":{"line":39,"column":55}},"8":{"start":{"line":40,"column":34},"end":{"line":40,"column":48}}},"fnMap":{"0":{"name":"(anonymous_0)","decl":{"start":{"line":4,"column":19},"end":{"line":4,"column":20}},"loc":{"start":{"line":4,"column":44},"end":{"line":51,"column":1}},"line":4},"1":{"name":"(anonymous_1)","decl":{"start":{"line":21,"column":25},"end":{"line":21,"column":26}},"loc":{"start":{"line":21,"column":38},"end":{"line":44,"column":7}},"line":21},"2":{"name":"(anonymous_2)","decl":{"start":{"line":31,"column":23},"end":{"line":31,"column":24}},"loc":{"start":{"line":31,"column":29},"end":{"line":33,"column":15}},"line":31},"3":{"name":"(anonymous_3)","decl":{"start":{"line":39,"column":28},"end":{"line":39,"column":29}},"loc":{"start":{"line":39,"column":34},"end":{"line":39,"column":55}},"line":39},"4":{"name":"(anonymous_4)","decl":{"start":{"line":40,"column":28},"end":{"line":40,"column":29}},"loc":{"start":{"line":40,"column":34},"end":{"line":40,"column":48}},"line":40}},"branchMap":{"0":{"loc":{"start":{"line":38,"column":21},"end":{"line":38,"column":77}},"type":"cond-expr","locations":[{"start":{"line":38,"column":56},"end":{"line":38,"column":65}},{"start":{"line":38,"column":68},"end":{"line":38,"column":77}}],"line":38},"1":{"loc":{"start":{"line":38,"column":37},"end":{"line":38,"column":52}},"type":"binary-expr","locations":[{"start":{"line":38,"column":37},"end":{"line":38,"column":42}},{"start":{"line":38,"column":46},"end":{"line":38,"column":52}}],"line":38},"2":{"loc":{"start":{"line":47,"column":9},"end":{"line":47,"column":66}},"type":"binary-expr","locations":[{"start":{"line":47,"column":9},"end":{"line":47,"column":15}},{"start":{"line":47,"column":19},"end":{"line":47,"column":66}}],"line":47}},"s":{"0":0,"1":0,"2":0,"3":0,"4":0,"5":0,"6":0,"7":0,"8":0},"f":{"0":0,"1":0,"2":0,"3":0,"4":0},"b":{"0":[0,0],"1":[0,0],"2":[0,0]}}
,"/home/mcuellar/SDC/server/reviewsRoutes.js": {"path":"/home/mcuellar/SDC/server/reviewsRoutes.js","statementMap":{"0":{"start":{"line":1,"column":22},"end":{"line":1,"column":49}},"1":{"start":{"line":2,"column":14},"end":{"line":2,"column":30}},"2":{"start":{"line":3,"column":0},"end":{"line":3,"column":26}},"3":{"start":{"line":4,"column":17},"end":{"line":4,"column":70}},"4":{"start":{"line":8,"column":0},"end":{"line":29,"column":3}},"5":{"start":{"line":9,"column":18},"end":{"line":9,"column":23}},"6":{"start":{"line":10,"column":16},"end":{"line":18,"column":3}},"7":{"start":{"line":21,"column":2},"end":{"line":28,"column":7}},"8":{"start":{"line":23,"column":6},"end":{"line":23,"column":38}},"9":{"start":{"line":26,"column":6},"end":{"line":26,"column":46}},"10":{"start":{"line":27,"column":6},"end":{"line":27,"column":32}},"11":{"start":{"line":32,"column":0},"end":{"line":50,"column":3}},"12":{"start":{"line":34,"column":18},"end":{"line":34,"column":23}},"13":{"start":{"line":35,"column":16},"end":{"line":40,"column":3}},"14":{"start":{"line":42,"column":2},"end":{"line":49,"column":7}},"15":{"start":{"line":44,"column":6},"end":{"line":44,"column":30}},"16":{"start":{"line":47,"column":6},"end":{"line":47,"column":46}},"17":{"start":{"line":48,"column":6},"end":{"line":48,"column":32}},"18":{"start":{"line":52,"column":0},"end":{"line":69,"column":3}},"19":{"start":{"line":54,"column":18},"end":{"line":56,"column":3}},"20":{"start":{"line":58,"column":22},"end":{"line":58,"column":30}},"21":{"start":{"line":60,"column":2},"end":{"line":67,"column":7}},"22":{"start":{"line":62,"column":6},"end":{"line":62,"column":42}},"23":{"start":{"line":65,"column":6},"end":{"line":65,"column":53}},"24":{"start":{"line":66,"column":6},"end":{"line":66,"column":32}},"25":{"start":{"line":71,"column":0},"end":{"line":86,"column":3}},"26":{"start":{"line":72,"column":19},"end":{"line":72,"column":39}},"27":{"start":{"line":74,"column":18},"end":{"line":76,"column":3}},"28":{"start":{"line":78,"column":2},"end":{"line":85,"column":7}},"29":{"start":{"line":80,"column":6},"end":{"line":80,"column":26}},"30":{"start":{"line":83,"column":6},"end":{"line":83,"column":58}},"31":{"start":{"line":84,"column":6},"end":{"line":84,"column":32}},"32":{"start":{"line":88,"column":0},"end":{"line":88,"column":31}}},"fnMap":{"0":{"name":"(anonymous_0)","decl":{"start":{"line":8,"column":36},"end":{"line":8,"column":37}},"loc":{"start":{"line":8,"column":50},"end":{"line":29,"column":1}},"line":8},"1":{"name":"(anonymous_1)","decl":{"start":{"line":22,"column":10},"end":{"line":22,"column":11}},"loc":{"start":{"line":22,"column":24},"end":{"line":24,"column":5}},"line":22},"2":{"name":"(anonymous_2)","decl":{"start":{"line":25,"column":11},"end":{"line":25,"column":12}},"loc":{"start":{"line":25,"column":20},"end":{"line":28,"column":5}},"line":25},"3":{"name":"(anonymous_3)","decl":{"start":{"line":32,"column":33},"end":{"line":32,"column":34}},"loc":{"start":{"line":32,"column":47},"end":{"line":50,"column":1}},"line":32},"4":{"name":"(anonymous_4)","decl":{"start":{"line":43,"column":10},"end":{"line":43,"column":11}},"loc":{"start":{"line":43,"column":24},"end":{"line":45,"column":5}},"line":43},"5":{"name":"(anonymous_5)","decl":{"start":{"line":46,"column":11},"end":{"line":46,"column":12}},"loc":{"start":{"line":46,"column":20},"end":{"line":49,"column":5}},"line":46},"6":{"name":"(anonymous_6)","decl":{"start":{"line":52,"column":31},"end":{"line":52,"column":32}},"loc":{"start":{"line":52,"column":44},"end":{"line":69,"column":1}},"line":52},"7":{"name":"(anonymous_7)","decl":{"start":{"line":61,"column":10},"end":{"line":61,"column":11}},"loc":{"start":{"line":61,"column":24},"end":{"line":63,"column":5}},"line":61},"8":{"name":"(anonymous_8)","decl":{"start":{"line":64,"column":11},"end":{"line":64,"column":12}},"loc":{"start":{"line":64,"column":20},"end":{"line":67,"column":5}},"line":64},"9":{"name":"(anonymous_9)","decl":{"start":{"line":71,"column":47},"end":{"line":71,"column":48}},"loc":{"start":{"line":71,"column":61},"end":{"line":86,"column":1}},"line":71},"10":{"name":"(anonymous_10)","decl":{"start":{"line":79,"column":10},"end":{"line":79,"column":11}},"loc":{"start":{"line":79,"column":16},"end":{"line":81,"column":5}},"line":79},"11":{"name":"(anonymous_11)","decl":{"start":{"line":82,"column":11},"end":{"line":82,"column":12}},"loc":{"start":{"line":82,"column":20},"end":{"line":85,"column":5}},"line":82}},"branchMap":{},"s":{"0":0,"1":0,"2":0,"3":0,"4":0,"5":0,"6":0,"7":0,"8":0,"9":0,"10":0,"11":0,"12":0,"13":0,"14":0,"15":0,"16":0,"17":0,"18":0,"19":0,"20":0,"21":0,"22":0,"23":0,"24":0,"25":0,"26":0,"27":0,"28":0,"29":0,"30":0,"31":0,"32":0},"f":{"0":0,"1":0,"2":0,"3":0,"4":0,"5":0,"6":0,"7":0,"8":0,"9":0,"10":0,"11":0},"b":{}}
}
